<?xml version="1.0" encoding="UTF-8"?>
<!-- Generated by org.testng.reporters.JUnitXMLReporter -->
<testsuite hostname="bishwas-ubuntu" ignored="0" name="SlackApiTest" tests="4" failures="0" timestamp="04 Apr 2019 08:04:28 GMT" time="11.861" errors="0">
  <testcase name="archiveChannel" time="5.713" classname="com.plivo.SlackApiTest.SlackApiTest"/>
  <testcase name="joinChannel" time="1.259" classname="com.plivo.SlackApiTest.SlackApiTest"/>
  <testcase name="renameChannel" time="1.893" classname="com.plivo.SlackApiTest.SlackApiTest"/>
  <testcase name="verifyArchieve" time="2.635" classname="com.plivo.SlackApiTest.SlackApiTest"/>
</testsuite> <!-- SlackApiTest -->
