<?xml version="1.0" encoding="UTF-8"?>
<!-- Generated by org.testng.reporters.JUnitXMLReporter -->
<testsuite hostname="bishwas-ubuntu" ignored="0" name="SlackApiTest" tests="4" failures="0" timestamp="04 Apr 2019 07:46:00 GMT" time="5.323" errors="0">
  <testcase name="archiveChannel" time="1.783" classname="com.plivo.SlackApiTest.SlackListingChannel"/>
  <testcase name="joinChannel" time="0.83" classname="com.plivo.SlackApiTest.SlackListingChannel"/>
  <testcase name="renameChannel" time="1.578" classname="com.plivo.SlackApiTest.SlackListingChannel"/>
  <testcase name="verifyArchieve" time="0.677" classname="com.plivo.SlackApiTest.SlackListingChannel"/>
</testsuite> <!-- SlackApiTest -->
